Arguments: 
  /home/ewestra/.nvm/versions/node/v16.18.1/bin/node /usr/share/yarn/bin/yarn.js add node-fetch @^2.0.0

PATH: 
  /home/ewestra/.nvm/versions/node/v16.18.1/bin:/home/ewestra/bin:/usr/local/sbin:/usr/local/bin:/usr/sbin:/usr/bin:/sbin:/bin:/usr/games:/usr/local/games:/snap/bin:/opt/puppetlabs/bin

Yarn version: 
  1.22.19

Node version: 
  16.18.1

Platform: 
  linux x64

Trace: 
  Error: https://registry.yarnpkg.com/@%5E2.0.0: Request "https://registry.yarnpkg.com/@%5E2.0.0" returned a 405
      at Request.params.callback [as _callback] (/usr/share/yarn/lib/cli.js:66154:18)
      at Request.self.callback (/usr/share/yarn/lib/cli.js:140890:22)
      at Request.emit (node:events:513:28)
      at Request.<anonymous> (/usr/share/yarn/lib/cli.js:141862:10)
      at Request.emit (node:events:513:28)
      at IncomingMessage.<anonymous> (/usr/share/yarn/lib/cli.js:141784:12)
      at Object.onceWrapper (node:events:627:28)
      at IncomingMessage.emit (node:events:525:35)
      at endReadableNT (node:internal/streams/readable:1358:12)
      at processTicksAndRejections (node:internal/process/task_queues:83:21)

npm manifest: 
  {
    "dependencies": {
      "mdns-server": "^1.0.11"
    }
  }

yarn manifest: 
  No manifest

Lockfile: 
  # THIS IS AN AUTOGENERATED FILE. DO NOT EDIT THIS FILE DIRECTLY.
  # yarn lockfile v1
  
  
  "@leichtgewicht/ip-codec@^2.0.1":
    version "2.0.4"
    resolved "https://registry.yarnpkg.com/@leichtgewicht/ip-codec/-/ip-codec-2.0.4.tgz#b2ac626d6cb9c8718ab459166d4bb405b8ffa78b"
    integrity sha512-Hcv+nVC0kZnQ3tD9GVu5xSMR4VVYOteQIr/hwFPVEvPdlXqgGEuRjiheChHgdM+JyqdgNcmzZOX/tnl0JOiI7A==
  
  dns-packet@^5.2.2:
    version "5.4.0"
    resolved "https://registry.yarnpkg.com/dns-packet/-/dns-packet-5.4.0.tgz#1f88477cf9f27e78a213fb6d118ae38e759a879b"
    integrity sha512-EgqGeaBB8hLiHLZtp/IbaDQTL8pZ0+IvwzSHA6d7VyMDM+B9hgddEMa9xjK5oYnw0ci0JQ6g2XCD7/f6cafU6g==
    dependencies:
      "@leichtgewicht/ip-codec" "^2.0.1"
  
  mdns-server@^1.0.11:
    version "1.0.11"
    resolved "https://registry.yarnpkg.com/mdns-server/-/mdns-server-1.0.11.tgz#8f7b5aa000bcf004b753ac059ac2e4918e7e190a"
    integrity sha512-luzHnhQYmxaqrvYb8akwH2V/lSSyAumDoAK1zmogvpsj7sd4l04AF/LchBYH44NQVm7oo/KBVVFg3AbsJXr12w==
    dependencies:
      dns-packet "^5.2.2"
